{"numTotalTestSuites":11,"numPassedTestSuites":11,"numFailedTestSuites":0,"numPendingTestSuites":0,"numTotalTests":19,"numPassedTests":19,"numFailedTests":0,"numPendingTests":0,"numTodoTests":0,"snapshot":{"added":0,"failure":false,"filesAdded":0,"filesRemoved":0,"filesRemovedList":[],"filesUnmatched":0,"filesUpdated":0,"matched":0,"total":0,"unchecked":0,"uncheckedKeysByFile":[],"unmatched":0,"updated":0,"didUpdate":false},"startTime":1762762172902,"success":true,"testResults":[{"assertionResults":[{"ancestorTitles":["SubstitutionEngine","suggest_substitutions"],"fullName":"SubstitutionEngine suggest_substitutions should suggest substitutions for \"Run 50 min Z2\" to cycling","status":"passed","title":"should suggest substitutions for \"Run 50 min Z2\" to cycling","duration":6.14670000000001,"failureMessages":[],"meta":{}},{"ancestorTitles":["SubstitutionEngine","suggest_substitutions"],"fullName":"SubstitutionEngine suggest_substitutions should preserve hard minutes for VO2 session substitutions","status":"passed","title":"should preserve hard minutes for VO2 session substitutions","duration":1.4558999999999287,"failureMessages":[],"meta":{}},{"ancestorTitles":["SubstitutionEngine","suggest_substitutions"],"fullName":"SubstitutionEngine suggest_substitutions should apply guardrails and filter unsafe options","status":"passed","title":"should apply guardrails and filter unsafe options","duration":0.9552999999998519,"failureMessages":[],"meta":{}},{"ancestorTitles":["SubstitutionEngine","suggest_substitutions"],"fullName":"SubstitutionEngine suggest_substitutions should return top 3 options ranked by quality","status":"passed","title":"should return top 3 options ranked by quality","duration":1.0132000000000971,"failureMessages":[],"meta":{}},{"ancestorTitles":["SubstitutionEngine","parsePlannedSession"],"fullName":"SubstitutionEngine parsePlannedSession should parse structured session correctly","status":"passed","title":"should parse structured session correctly","duration":0.7019999999999982,"failureMessages":[],"meta":{}},{"ancestorTitles":["SubstitutionEngine","parsePlannedSession"],"fullName":"SubstitutionEngine parsePlannedSession should parse simple intensity session","status":"passed","title":"should parse simple intensity session","duration":0.2919999999999163,"failureMessages":[],"meta":{}},{"ancestorTitles":["SubstitutionEngine","scaleWorkoutForEquivalence"],"fullName":"SubstitutionEngine scaleWorkoutForEquivalence should scale workout duration using time factors","status":"passed","title":"should scale workout duration using time factors","duration":0.3843000000001666,"failureMessages":[],"meta":{}},{"ancestorTitles":["SubstitutionEngine","scaleWorkoutForEquivalence"],"fullName":"SubstitutionEngine scaleWorkoutForEquivalence should preserve interval structure when scaling","status":"passed","title":"should preserve interval structure when scaling","duration":0.4231999999999516,"failureMessages":[],"meta":{}},{"ancestorTitles":["SubstitutionEngine","generateReasoning"],"fullName":"SubstitutionEngine generateReasoning should generate clear reasoning for substitutions","status":"passed","title":"should generate clear reasoning for substitutions","duration":0.5182999999999538,"failureMessages":[],"meta":{}},{"ancestorTitles":["SubstitutionEngine","Error Handling"],"fullName":"SubstitutionEngine Error Handling should handle no suitable workouts found","status":"passed","title":"should handle no suitable workouts found","duration":9.270099999999957,"failureMessages":[],"meta":{}},{"ancestorTitles":["SubstitutionEngine","Error Handling"],"fullName":"SubstitutionEngine Error Handling should handle guardrails blocking all options","status":"passed","title":"should handle guardrails blocking all options","duration":1.2842000000000553,"failureMessages":[],"meta":{}},{"ancestorTitles":["EquivalenceRules","getTimeFactor"],"fullName":"EquivalenceRules getTimeFactor should return correct time factors for Run→Bike Z2","status":"passed","title":"should return correct time factors for Run→Bike Z2","duration":0.18380000000001928,"failureMessages":[],"meta":{}},{"ancestorTitles":["EquivalenceRules","getTimeFactor"],"fullName":"EquivalenceRules getTimeFactor should return 1.0 for same modality","status":"passed","title":"should return 1.0 for same modality","duration":0.12369999999987158,"failureMessages":[],"meta":{}},{"ancestorTitles":["EquivalenceRules","getTimeFactor"],"fullName":"EquivalenceRules getTimeFactor should handle all zone combinations","status":"passed","title":"should handle all zone combinations","duration":0.3131999999998243,"failureMessages":[],"meta":{}},{"ancestorTitles":["EquivalenceRules","checkAdaptationCompatibility"],"fullName":"EquivalenceRules checkAdaptationCompatibility should match exact adaptations","status":"passed","title":"should match exact adaptations","duration":0.14889999999991232,"failureMessages":[],"meta":{}},{"ancestorTitles":["EquivalenceRules","checkAdaptationCompatibility"],"fullName":"EquivalenceRules checkAdaptationCompatibility should match compatible adaptations","status":"passed","title":"should match compatible adaptations","duration":0.13640000000009422,"failureMessages":[],"meta":{}},{"ancestorTitles":["EquivalenceRules","checkAdaptationCompatibility"],"fullName":"EquivalenceRules checkAdaptationCompatibility should reject incompatible adaptations","status":"passed","title":"should reject incompatible adaptations","duration":0.1410000000000764,"failureMessages":[],"meta":{}},{"ancestorTitles":["EquivalenceRules","validateDurationLimits"],"fullName":"EquivalenceRules validateDurationLimits should validate reasonable durations","status":"passed","title":"should validate reasonable durations","duration":0.1811999999999898,"failureMessages":[],"meta":{}},{"ancestorTitles":["EquivalenceRules","validateDurationLimits"],"fullName":"EquivalenceRules validateDurationLimits should reject durations outside limits","status":"passed","title":"should reject durations outside limits","duration":0.20119999999997162,"failureMessages":[],"meta":{}}],"startTime":1762762174014,"endTime":1762762174039.2012,"status":"passed","message":"","name":"C:/Users/kemur/Git/ignite-fitness/tests/unit/substitution-engine.test.js"}]}