{"numTotalTestSuites":57,"numPassedTestSuites":57,"numFailedTestSuites":0,"numPendingTestSuites":0,"numTotalTests":116,"numPassedTests":116,"numFailedTests":0,"numPendingTests":0,"numTodoTests":0,"startTime":1761655594505,"success":true,"testResults":[{"assertionResults":[{"ancestorTitles":["","ExpertCoordinator Load-Based Adjustments","High-Intensity Yesterday Adjustments"],"fullName":" ExpertCoordinator Load-Based Adjustments High-Intensity Yesterday Adjustments should suppress heavy lower when Z4 >= 20 minutes","status":"passed","title":"should suppress heavy lower when Z4 >= 20 minutes","duration":83,"failureMessages":[]},{"ancestorTitles":["","ExpertCoordinator Load-Based Adjustments","High-Intensity Yesterday Adjustments"],"fullName":" ExpertCoordinator Load-Based Adjustments High-Intensity Yesterday Adjustments should suppress heavy lower when Z5 >= 10 minutes","status":"passed","title":"should suppress heavy lower when Z5 >= 10 minutes","duration":78,"failureMessages":[]},{"ancestorTitles":["","ExpertCoordinator Load-Based Adjustments","High-Intensity Yesterday Adjustments"],"fullName":" ExpertCoordinator Load-Based Adjustments High-Intensity Yesterday Adjustments should not suppress when Z4 < 20 and Z5 < 10","status":"passed","title":"should not suppress when Z4 < 20 and Z5 < 10","duration":80,"failureMessages":[]},{"ancestorTitles":["","ExpertCoordinator Load-Based Adjustments","High Strain Adjustments"],"fullName":" ExpertCoordinator Load-Based Adjustments High Strain Adjustments should recommend deload when strain > 150","status":"passed","title":"should recommend deload when strain > 150","duration":80,"failureMessages":[]},{"ancestorTitles":["","ExpertCoordinator Load-Based Adjustments","High Strain Adjustments"],"fullName":" ExpertCoordinator Load-Based Adjustments High Strain Adjustments should recommend deload when monotony > 2.0 and ATL >> CTL","status":"passed","title":"should recommend deload when monotony > 2.0 and ATL >> CTL","duration":82,"failureMessages":[]},{"ancestorTitles":["","ExpertCoordinator Load-Based Adjustments","High Strain Adjustments"],"fullName":" ExpertCoordinator Load-Based Adjustments High Strain Adjustments should not recommend deload when conditions not met","status":"passed","title":"should not recommend deload when conditions not met","duration":79,"failureMessages":[]},{"ancestorTitles":["","ExpertCoordinator Load-Based Adjustments","Readiness Proxy Calculations"],"fullName":" ExpertCoordinator Load-Based Adjustments Readiness Proxy Calculations should calculate lower readiness when ATL >> CTL","status":"passed","title":"should calculate lower readiness when ATL >> CTL","duration":83,"failureMessages":[]},{"ancestorTitles":["","ExpertCoordinator Load-Based Adjustments","Readiness Proxy Calculations"],"fullName":" ExpertCoordinator Load-Based Adjustments Readiness Proxy Calculations should calculate higher readiness when ATL < CTL","status":"passed","title":"should calculate higher readiness when ATL < CTL","duration":81,"failureMessages":[]},{"ancestorTitles":["","ExpertCoordinator Load-Based Adjustments","Readiness Proxy Calculations"],"fullName":" ExpertCoordinator Load-Based Adjustments Readiness Proxy Calculations should reduce readiness with high-intensity yesterday","status":"passed","title":"should reduce readiness with high-intensity yesterday","duration":79,"failureMessages":[]},{"ancestorTitles":["","ExpertCoordinator Load-Based Adjustments","Readiness Proxy Calculations"],"fullName":" ExpertCoordinator Load-Based Adjustments Readiness Proxy Calculations should reduce readiness with high monotony","status":"passed","title":"should reduce readiness with high monotony","duration":79,"failureMessages":[]},{"ancestorTitles":["","ExpertCoordinator Load-Based Adjustments","Readiness Proxy Calculations"],"fullName":" ExpertCoordinator Load-Based Adjustments Readiness Proxy Calculations should scale by data confidence","status":"passed","title":"should scale by data confidence","duration":77,"failureMessages":[]},{"ancestorTitles":["","ExpertCoordinator Load-Based Adjustments","Readiness Proxy Calculations"],"fullName":" ExpertCoordinator Load-Based Adjustments Readiness Proxy Calculations should cap readiness proxy between 0.5 and 1.2","status":"passed","title":"should cap readiness proxy between 0.5 and 1.2","duration":81,"failureMessages":[]},{"ancestorTitles":["","ExpertCoordinator Load-Based Adjustments","Intensity Scaling"],"fullName":" ExpertCoordinator Load-Based Adjustments Intensity Scaling should scale intensity when readiness proxy < 0.8","status":"passed","title":"should scale intensity when readiness proxy < 0.8","duration":87,"failureMessages":[]},{"ancestorTitles":["","ExpertCoordinator Load-Based Adjustments","Intensity Scaling"],"fullName":" ExpertCoordinator Load-Based Adjustments Intensity Scaling should not scale intensity when readiness proxy >= 0.8","status":"passed","title":"should not scale intensity when readiness proxy >= 0.8","duration":78,"failureMessages":[]},{"ancestorTitles":["","ExpertCoordinator Load-Based Adjustments","Data Confidence Adjustments"],"fullName":" ExpertCoordinator Load-Based Adjustments Data Confidence Adjustments should enable conservative mode when confidence < 0.5","status":"passed","title":"should enable conservative mode when confidence < 0.5","duration":79,"failureMessages":[]},{"ancestorTitles":["","ExpertCoordinator Load-Based Adjustments","Data Confidence Adjustments"],"fullName":" ExpertCoordinator Load-Based Adjustments Data Confidence Adjustments should not enable conservative mode when confidence >= 0.5","status":"passed","title":"should not enable conservative mode when confidence >= 0.5","duration":79,"failureMessages":[]},{"ancestorTitles":["","ExpertCoordinator Load-Based Adjustments","Why Panel Explanations"],"fullName":" ExpertCoordinator Load-Based Adjustments Why Panel Explanations should generate concrete explanations for load adjustments","status":"passed","title":"should generate concrete explanations for load adjustments","duration":82,"failureMessages":[]},{"ancestorTitles":["","ExpertCoordinator Load-Based Adjustments","Why Panel Explanations"],"fullName":" ExpertCoordinator Load-Based Adjustments Why Panel Explanations should include specific metrics in explanations","status":"passed","title":"should include specific metrics in explanations","duration":82,"failureMessages":[]},{"ancestorTitles":["","ExpertCoordinator Load-Based Adjustments","Edge Cases"],"fullName":" ExpertCoordinator Load-Based Adjustments Edge Cases should handle missing load data gracefully","status":"passed","title":"should handle missing load data gracefully","duration":78,"failureMessages":[]},{"ancestorTitles":["","ExpertCoordinator Load-Based Adjustments","Edge Cases"],"fullName":" ExpertCoordinator Load-Based Adjustments Edge Cases should handle null/undefined values","status":"passed","title":"should handle null/undefined values","duration":81,"failureMessages":[]},{"ancestorTitles":["","ExpertCoordinator Load-Based Adjustments","Edge Cases"],"fullName":" ExpertCoordinator Load-Based Adjustments Edge Cases should handle extreme values","status":"passed","title":"should handle extreme values","duration":79,"failureMessages":[]}],"startTime":1761655595965,"endTime":1761655597654,"status":"passed","message":"","name":"C:/Users/kemur/Git/ignite-fitness/tests/ai/coordinator-load-adjustments.test.js"},{"assertionResults":[{"ancestorTitles":["","Game Tomorrow Constraint"],"fullName":" Game Tomorrow Constraint should remove heavy lower body work when game is tomorrow","status":"passed","title":"should remove heavy lower body work when game is tomorrow","duration":79,"failureMessages":[]},{"ancestorTitles":["","Low Readiness Scaling"],"fullName":" Low Readiness Scaling should reduce intensity when readiness is low","status":"passed","title":"should reduce intensity when readiness is low","duration":84,"failureMessages":[]},{"ancestorTitles":["","Time-Crunched Optimization"],"fullName":" Time-Crunched Optimization should use supersets or trim volume when time limit is 20 min","status":"passed","title":"should use supersets or trim volume when time limit is 20 min","duration":87,"failureMessages":[]},{"ancestorTitles":["","Knee Pain Safe Alternatives"],"fullName":" Knee Pain Safe Alternatives should not include BSS and provide safe alternatives","status":"passed","title":"should not include BSS and provide safe alternatives","duration":86,"failureMessages":[]},{"ancestorTitles":["","Simple Mode Minimalism"],"fullName":" Simple Mode Minimalism should limit to 1-2 blocks in simple mode","status":"passed","title":"should limit to 1-2 blocks in simple mode","duration":88,"failureMessages":[]},{"ancestorTitles":["","Plan Structure"],"fullName":" Plan Structure should return valid plan with required fields","status":"passed","title":"should return valid plan with required fields","duration":91,"failureMessages":[]},{"ancestorTitles":["","Plan Structure"],"fullName":" Plan Structure should have valid block structure","status":"passed","title":"should have valid block structure","duration":84,"failureMessages":[]},{"ancestorTitles":["","Plan Structure"],"fullName":" Plan Structure should have valid items with required fields","status":"passed","title":"should have valid items with required fields","duration":87,"failureMessages":[]},{"ancestorTitles":["","Priority Order"],"fullName":" Priority Order should prioritize safety/physio constraints","status":"passed","title":"should prioritize safety/physio constraints","duration":86,"failureMessages":[]},{"ancestorTitles":["","Warnings"],"fullName":" Warnings should include warnings when constraints exist","status":"passed","title":"should include warnings when constraints exist","duration":84,"failureMessages":[]},{"ancestorTitles":["","Aesthetic Focus"],"fullName":" Aesthetic Focus should include accessories for V-taper focus","status":"passed","title":"should include accessories for V-taper focus","duration":82,"failureMessages":[]},{"ancestorTitles":["","Logging"],"fullName":" Logging should log coordinator decision","status":"passed","title":"should log coordinator decision","duration":86,"failureMessages":[]}],"startTime":1761655601418,"endTime":1761655602443,"status":"passed","message":"","name":"C:/Users/kemur/Git/ignite-fitness/tests/ai/expertCoordinator.spec.js"},{"assertionResults":[{"ancestorTitles":["","Activity Linking Functionality","LinkingActions","handleLinkDecision"],"fullName":" Activity Linking Functionality LinkingActions handleLinkDecision should handle \"keep-both\" action","status":"passed","title":"should handle \"keep-both\" action","duration":86,"failureMessages":[]},{"ancestorTitles":["","Activity Linking Functionality","LinkingActions","handleLinkDecision"],"fullName":" Activity Linking Functionality LinkingActions handleLinkDecision should handle \"use-primary\" action","status":"passed","title":"should handle \"use-primary\" action","duration":84,"failureMessages":[]},{"ancestorTitles":["","Activity Linking Functionality","LinkingActions","handleLinkDecision"],"fullName":" Activity Linking Functionality LinkingActions handleLinkDecision should handle \"use-secondary\" action","status":"passed","title":"should handle \"use-secondary\" action","duration":87,"failureMessages":[]},{"ancestorTitles":["","Activity Linking Functionality","LinkingActions","handleLinkDecision"],"fullName":" Activity Linking Functionality LinkingActions handleLinkDecision should handle unknown action","status":"passed","title":"should handle unknown action","duration":84,"failureMessages":[]},{"ancestorTitles":["","Activity Linking Functionality","LinkingActions","Source exclusion tracking"],"fullName":" Activity Linking Functionality LinkingActions Source exclusion tracking should track excluded sources after \"use-primary\"","status":"passed","title":"should track excluded sources after \"use-primary\"","duration":82,"failureMessages":[]},{"ancestorTitles":["","Activity Linking Functionality","LinkingActions","Source exclusion tracking"],"fullName":" Activity Linking Functionality LinkingActions Source exclusion tracking should track excluded sources after \"use-secondary\"","status":"passed","title":"should track excluded sources after \"use-secondary\"","duration":85,"failureMessages":[]},{"ancestorTitles":["","Activity Linking Functionality","LinkingActions","Source exclusion tracking"],"fullName":" Activity Linking Functionality LinkingActions Source exclusion tracking should not track excluded sources after \"keep-both\"","status":"passed","title":"should not track excluded sources after \"keep-both\"","duration":85,"failureMessages":[]},{"ancestorTitles":["","Activity Linking Functionality","LinkingActions","Preference persistence"],"fullName":" Activity Linking Functionality LinkingActions Preference persistence should save preferences after action","status":"passed","title":"should save preferences after action","duration":87,"failureMessages":[]},{"ancestorTitles":["","Activity Linking Functionality","LinkingActions","Preference persistence"],"fullName":" Activity Linking Functionality LinkingActions Preference persistence should preserve preferences across calls","status":"passed","title":"should preserve preferences across calls","duration":87,"failureMessages":[]},{"ancestorTitles":["","Activity Linking Functionality","Multiple activities linking"],"fullName":" Activity Linking Functionality Multiple activities linking should handle linking decisions for multiple activities independently","status":"passed","title":"should handle linking decisions for multiple activities independently","duration":87,"failureMessages":[]},{"ancestorTitles":["","Activity Linking Functionality","Multiple activities linking"],"fullName":" Activity Linking Functionality Multiple activities linking should maintain independent excluded sources for multiple activities","status":"passed","title":"should maintain independent excluded sources for multiple activities","duration":80,"failureMessages":[]},{"ancestorTitles":["","Activity Linking Functionality","Source formatting"],"fullName":" Activity Linking Functionality Source formatting should format source names correctly","status":"passed","title":"should format source names correctly","duration":84,"failureMessages":[]},{"ancestorTitles":["","Activity Linking Functionality","Source formatting"],"fullName":" Activity Linking Functionality Source formatting should format unknown sources correctly","status":"passed","title":"should format unknown sources correctly","duration":81,"failureMessages":[]},{"ancestorTitles":["","Activity Linking Functionality","Edge cases"],"fullName":" Activity Linking Functionality Edge cases should handle null activity","status":"passed","title":"should handle null activity","duration":82,"failureMessages":[]},{"ancestorTitles":["","Activity Linking Functionality","Edge cases"],"fullName":" Activity Linking Functionality Edge cases should handle activities without IDs","status":"passed","title":"should handle activities without IDs","duration":82,"failureMessages":[]},{"ancestorTitles":["","Activity Linking Functionality","Edge cases"],"fullName":" Activity Linking Functionality Edge cases should handle missing primary source data","status":"passed","title":"should handle missing primary source data","duration":84,"failureMessages":[]}],"startTime":1761655596201,"endTime":1761655597551,"status":"passed","message":"","name":"C:/Users/kemur/Git/ignite-fitness/tests/integrations/activity-linking.test.js"},{"assertionResults":[{"ancestorTitles":["","Aggregates Recompute","recomputeDailyAggregates"],"fullName":" Aggregates Recompute recomputeDailyAggregates should recompute day + rolling ATL/CTL/monotony/strain after updates","status":"passed","title":"should recompute day + rolling ATL/CTL/monotony/strain after updates","duration":81,"failureMessages":[]},{"ancestorTitles":["","Aggregates Recompute","recomputeDailyAggregates"],"fullName":" Aggregates Recompute recomputeDailyAggregates should calculate TRIMP correctly","status":"passed","title":"should calculate TRIMP correctly","duration":78,"failureMessages":[]},{"ancestorTitles":["","Aggregates Recompute","recomputeDailyAggregates"],"fullName":" Aggregates Recompute recomputeDailyAggregates should calculate TSS correctly","status":"passed","title":"should calculate TSS correctly","duration":78,"failureMessages":[]},{"ancestorTitles":["","Aggregates Recompute","recomputeDailyAggregates"],"fullName":" Aggregates Recompute recomputeDailyAggregates should calculate zone minutes correctly","status":"passed","title":"should calculate zone minutes correctly","duration":78,"failureMessages":[]},{"ancestorTitles":["","Aggregates Recompute","recomputeRollingMetrics"],"fullName":" Aggregates Recompute recomputeRollingMetrics should compute rolling ATL/CTL/monotony/strain","status":"passed","title":"should compute rolling ATL/CTL/monotony/strain","duration":85,"failureMessages":[]},{"ancestorTitles":["","Aggregates Recompute","recomputeRollingMetrics"],"fullName":" Aggregates Recompute recomputeRollingMetrics should calculate ATL (7-day rolling average)","status":"passed","title":"should calculate ATL (7-day rolling average)","duration":83,"failureMessages":[]},{"ancestorTitles":["","Aggregates Recompute","recomputeRollingMetrics"],"fullName":" Aggregates Recompute recomputeRollingMetrics should calculate CTL (28-day rolling average)","status":"passed","title":"should calculate CTL (28-day rolling average)","duration":84,"failureMessages":[]},{"ancestorTitles":["","Aggregates Recompute","recomputeRollingMetrics"],"fullName":" Aggregates Recompute recomputeRollingMetrics should calculate monotony correctly","status":"passed","title":"should calculate monotony correctly","duration":84,"failureMessages":[]},{"ancestorTitles":["","Aggregates Recompute","recomputeRollingMetrics"],"fullName":" Aggregates Recompute recomputeRollingMetrics should calculate strain correctly","status":"passed","title":"should calculate strain correctly","duration":89,"failureMessages":[]},{"ancestorTitles":["","Aggregates Recompute","affected dates window"],"fullName":" Aggregates Recompute affected dates window should cover correct date range for daily aggregates","status":"passed","title":"should cover correct date range for daily aggregates","duration":84,"failureMessages":[]},{"ancestorTitles":["","Aggregates Recompute","affected dates window"],"fullName":" Aggregates Recompute affected dates window should cover correct rolling span (35 days)","status":"passed","title":"should cover correct rolling span (35 days)","duration":83,"failureMessages":[]},{"ancestorTitles":["","Aggregates Recompute","affected dates window"],"fullName":" Aggregates Recompute affected dates window should include start_ts day in affected dates","status":"passed","title":"should include start_ts day in affected dates","duration":88,"failureMessages":[]},{"ancestorTitles":["","Aggregates Recompute","ATL calculation"],"fullName":" Aggregates Recompute ATL calculation should return 0 for empty loads array","status":"passed","title":"should return 0 for empty loads array","duration":85,"failureMessages":[]},{"ancestorTitles":["","Aggregates Recompute","ATL calculation"],"fullName":" Aggregates Recompute ATL calculation should calculate ATL for 7-day array","status":"passed","title":"should calculate ATL for 7-day array","duration":83,"failureMessages":[]},{"ancestorTitles":["","Aggregates Recompute","ATL calculation"],"fullName":" Aggregates Recompute ATL calculation should give more weight to recent days","status":"passed","title":"should give more weight to recent days","duration":84,"failureMessages":[]},{"ancestorTitles":["","Aggregates Recompute","CTL calculation"],"fullName":" Aggregates Recompute CTL calculation should return 0 for empty loads array","status":"passed","title":"should return 0 for empty loads array","duration":81,"failureMessages":[]},{"ancestorTitles":["","Aggregates Recompute","CTL calculation"],"fullName":" Aggregates Recompute CTL calculation should calculate CTL for 28-day array","status":"passed","title":"should calculate CTL for 28-day array","duration":82,"failureMessages":[]},{"ancestorTitles":["","Aggregates Recompute","CTL calculation"],"fullName":" Aggregates Recompute CTL calculation should be less responsive than ATL","status":"passed","title":"should be less responsive than ATL","duration":90,"failureMessages":[]},{"ancestorTitles":["","Aggregates Recompute","Monotony calculation"],"fullName":" Aggregates Recompute Monotony calculation should return 1.0 for empty loads array","status":"passed","title":"should return 1.0 for empty loads array","duration":84,"failureMessages":[]},{"ancestorTitles":["","Aggregates Recompute","Monotony calculation"],"fullName":" Aggregates Recompute Monotony calculation should return higher monotony for consistent loads","status":"passed","title":"should return higher monotony for consistent loads","duration":82,"failureMessages":[]},{"ancestorTitles":["","Aggregates Recompute","Monotony calculation"],"fullName":" Aggregates Recompute Monotony calculation should return lower monotony for variable loads","status":"passed","title":"should return lower monotony for variable loads","duration":76,"failureMessages":[]},{"ancestorTitles":["","Aggregates Recompute","Strain calculation"],"fullName":" Aggregates Recompute Strain calculation should return 0 for empty loads array","status":"passed","title":"should return 0 for empty loads array","duration":87,"failureMessages":[]},{"ancestorTitles":["","Aggregates Recompute","Strain calculation"],"fullName":" Aggregates Recompute Strain calculation should calculate strain as weekly load * monotony","status":"passed","title":"should calculate strain as weekly load * monotony","duration":82,"failureMessages":[]}],"startTime":1761655595965,"endTime":1761655597878,"status":"passed","message":"","name":"C:/Users/kemur/Git/ignite-fitness/tests/integrations/aggregates.spec.js"},{"assertionResults":[{"ancestorTitles":["","Dedup Functionality","buildDedupHash"],"fullName":" Dedup Functionality buildDedupHash should build stable dedup_hash","status":"passed","title":"should build stable dedup_hash","duration":94,"failureMessages":[]},{"ancestorTitles":["","Dedup Functionality","buildDedupHash"],"fullName":" Dedup Functionality buildDedupHash should generate different hashes for different activities","status":"passed","title":"should generate different hashes for different activities","duration":83,"failureMessages":[]},{"ancestorTitles":["","Dedup Functionality","buildDedupHash"],"fullName":" Dedup Functionality buildDedupHash should round duration to minutes for fuzzy matching","status":"passed","title":"should round duration to minutes for fuzzy matching","duration":83,"failureMessages":[]},{"ancestorTitles":["","Dedup Functionality","likelyDuplicate"],"fullName":" Dedup Functionality likelyDuplicate should detect duplicates within ±6 min / ±10% duration","status":"passed","title":"should detect duplicates within ±6 min / ±10% duration","duration":81,"failureMessages":[]},{"ancestorTitles":["","Dedup Functionality","likelyDuplicate"],"fullName":" Dedup Functionality likelyDuplicate should reject activities with large time differences","status":"passed","title":"should reject activities with large time differences","duration":79,"failureMessages":[]},{"ancestorTitles":["","Dedup Functionality","likelyDuplicate"],"fullName":" Dedup Functionality likelyDuplicate should reject activities with large duration differences","status":"passed","title":"should reject activities with large duration differences","duration":80,"failureMessages":[]},{"ancestorTitles":["","Dedup Functionality","likelyDuplicate"],"fullName":" Dedup Functionality likelyDuplicate should handle edge case: exactly ±6 minutes","status":"passed","title":"should handle edge case: exactly ±6 minutes","duration":84,"failureMessages":[]},{"ancestorTitles":["","Dedup Functionality","selects canonical by richness"],"fullName":" Dedup Functionality selects canonical by richness should select richer source as canonical","status":"passed","title":"should select richer source as canonical","duration":80,"failureMessages":[]},{"ancestorTitles":["","Dedup Functionality","selects canonical by richness"],"fullName":" Dedup Functionality selects canonical by richness should compare richness scores correctly","status":"passed","title":"should compare richness scores correctly","duration":81,"failureMessages":[]},{"ancestorTitles":["","Dedup Functionality","merges streams and preserves manual notes/RPE"],"fullName":" Dedup Functionality merges streams and preserves manual notes/RPE should merge activity sources correctly","status":"passed","title":"should merge activity sources correctly","duration":79,"failureMessages":[]},{"ancestorTitles":["","Dedup Functionality","merges streams and preserves manual notes/RPE"],"fullName":" Dedup Functionality merges streams and preserves manual notes/RPE should preserve manual data even when external is canonical","status":"passed","title":"should preserve manual data even when external is canonical","duration":80,"failureMessages":[]},{"ancestorTitles":["","Dedup Functionality","Edge Cases"],"fullName":" Dedup Functionality Edge Cases should handle activities with zero duration","status":"passed","title":"should handle activities with zero duration","duration":81,"failureMessages":[]},{"ancestorTitles":["","Dedup Functionality","Edge Cases"],"fullName":" Dedup Functionality Edge Cases should handle missing fields gracefully","status":"passed","title":"should handle missing fields gracefully","duration":79,"failureMessages":[]},{"ancestorTitles":["","Dedup Functionality","Edge Cases"],"fullName":" Dedup Functionality Edge Cases should handle very short activities correctly","status":"passed","title":"should handle very short activities correctly","duration":82,"failureMessages":[]}],"startTime":1761655599099,"endTime":1761655600245,"status":"passed","message":"","name":"C:/Users/kemur/Git/ignite-fitness/tests/integrations/dedup.spec.js"},{"assertionResults":[{"ancestorTitles":["","Prompt A - Data Model + Migrations + Utilities","DedupRules","buildDedupHash"],"fullName":" Prompt A - Data Model + Migrations + Utilities DedupRules buildDedupHash should generate consistent hash for same activity","status":"passed","title":"should generate consistent hash for same activity","duration":83,"failureMessages":[]},{"ancestorTitles":["","Prompt A - Data Model + Migrations + Utilities","DedupRules","buildDedupHash"],"fullName":" Prompt A - Data Model + Migrations + Utilities DedupRules buildDedupHash should generate different hashes for different activities","status":"passed","title":"should generate different hashes for different activities","duration":78,"failureMessages":[]},{"ancestorTitles":["","Prompt A - Data Model + Migrations + Utilities","DedupRules","buildDedupHash"],"fullName":" Prompt A - Data Model + Migrations + Utilities DedupRules buildDedupHash should round duration to minutes for fuzzy matching","status":"passed","title":"should round duration to minutes for fuzzy matching","duration":80,"failureMessages":[]},{"ancestorTitles":["","Prompt A - Data Model + Migrations + Utilities","DedupRules","buildDedupHash"],"fullName":" Prompt A - Data Model + Migrations + Utilities DedupRules buildDedupHash should handle missing required fields gracefully","status":"passed","title":"should handle missing required fields gracefully","duration":81,"failureMessages":[]},{"ancestorTitles":["","Prompt A - Data Model + Migrations + Utilities","DedupRules","richnessScore"],"fullName":" Prompt A - Data Model + Migrations + Utilities DedupRules richnessScore should calculate richness score correctly","status":"passed","title":"should calculate richness score correctly","duration":82,"failureMessages":[]},{"ancestorTitles":["","Prompt A - Data Model + Migrations + Utilities","DedupRules","richnessScore"],"fullName":" Prompt A - Data Model + Migrations + Utilities DedupRules richnessScore should handle minimal activity data","status":"passed","title":"should handle minimal activity data","duration":77,"failureMessages":[]},{"ancestorTitles":["","Prompt A - Data Model + Migrations + Utilities","DedupRules","richnessScore"],"fullName":" Prompt A - Data Model + Migrations + Utilities DedupRules richnessScore should add points for different data types","status":"passed","title":"should add points for different data types","duration":82,"failureMessages":[]},{"ancestorTitles":["","Prompt A - Data Model + Migrations + Utilities","DedupRules","likelyDuplicate"],"fullName":" Prompt A - Data Model + Migrations + Utilities DedupRules likelyDuplicate should identify likely duplicates","status":"passed","title":"should identify likely duplicates","duration":81,"failureMessages":[]},{"ancestorTitles":["","Prompt A - Data Model + Migrations + Utilities","DedupRules","likelyDuplicate"],"fullName":" Prompt A - Data Model + Migrations + Utilities DedupRules likelyDuplicate should reject activities with different users","status":"passed","title":"should reject activities with different users","duration":80,"failureMessages":[]},{"ancestorTitles":["","Prompt A - Data Model + Migrations + Utilities","DedupRules","likelyDuplicate"],"fullName":" Prompt A - Data Model + Migrations + Utilities DedupRules likelyDuplicate should reject activities with different types","status":"passed","title":"should reject activities with different types","duration":78,"failureMessages":[]},{"ancestorTitles":["","Prompt A - Data Model + Migrations + Utilities","DedupRules","likelyDuplicate"],"fullName":" Prompt A - Data Model + Migrations + Utilities DedupRules likelyDuplicate should reject activities with large time differences","status":"passed","title":"should reject activities with large time differences","duration":80,"failureMessages":[]},{"ancestorTitles":["","Prompt A - Data Model + Migrations + Utilities","DedupRules","likelyDuplicate"],"fullName":" Prompt A - Data Model + Migrations + Utilities DedupRules likelyDuplicate should reject activities with large duration differences","status":"passed","title":"should reject activities with large duration differences","duration":80,"failureMessages":[]},{"ancestorTitles":["","Prompt A - Data Model + Migrations + Utilities","LoadMath","computeZonesFromHR"],"fullName":" Prompt A - Data Model + Migrations + Utilities LoadMath computeZonesFromHR should compute zones correctly from HR stream","status":"passed","title":"should compute zones correctly from HR stream","duration":80,"failureMessages":[]},{"ancestorTitles":["","Prompt A - Data Model + Migrations + Utilities","LoadMath","computeZonesFromHR"],"fullName":" Prompt A - Data Model + Migrations + Utilities LoadMath computeZonesFromHR should handle empty HR stream","status":"passed","title":"should handle empty HR stream","duration":80,"failureMessages":[]},{"ancestorTitles":["","Prompt A - Data Model + Migrations + Utilities","LoadMath","computeZonesFromHR"],"fullName":" Prompt A - Data Model + Migrations + Utilities LoadMath computeZonesFromHR should handle null HR stream","status":"passed","title":"should handle null HR stream","duration":79,"failureMessages":[]},{"ancestorTitles":["","Prompt A - Data Model + Migrations + Utilities","LoadMath","getHRZones"],"fullName":" Prompt A - Data Model + Migrations + Utilities LoadMath getHRZones should calculate HR zones correctly","status":"passed","title":"should calculate HR zones correctly","duration":80,"failureMessages":[]},{"ancestorTitles":["","Prompt A - Data Model + Migrations + Utilities","LoadMath","getHRZones"],"fullName":" Prompt A - Data Model + Migrations + Utilities LoadMath getHRZones should use provided maxHR","status":"passed","title":"should use provided maxHR","duration":80,"failureMessages":[]},{"ancestorTitles":["","Prompt A - Data Model + Migrations + Utilities","LoadMath","getHRZones"],"fullName":" Prompt A - Data Model + Migrations + Utilities LoadMath getHRZones should estimate maxHR when not provided","status":"passed","title":"should estimate maxHR when not provided","duration":79,"failureMessages":[]},{"ancestorTitles":["","Prompt A - Data Model + Migrations + Utilities","LoadMath","computeTRIMP"],"fullName":" Prompt A - Data Model + Migrations + Utilities LoadMath computeTRIMP should compute TRIMP with average HR","status":"passed","title":"should compute TRIMP with average HR","duration":79,"failureMessages":[]},{"ancestorTitles":["","Prompt A - Data Model + Migrations + Utilities","LoadMath","computeTRIMP"],"fullName":" Prompt A - Data Model + Migrations + Utilities LoadMath computeTRIMP should compute TRIMP with HR stream","status":"passed","title":"should compute TRIMP with HR stream","duration":77,"failureMessages":[]},{"ancestorTitles":["","Prompt A - Data Model + Migrations + Utilities","LoadMath","computeTRIMP"],"fullName":" Prompt A - Data Model + Migrations + Utilities LoadMath computeTRIMP should estimate TRIMP for activity without HR data","status":"passed","title":"should estimate TRIMP for activity without HR data","duration":79,"failureMessages":[]},{"ancestorTitles":["","Prompt A - Data Model + Migrations + Utilities","LoadMath","computeTRIMP"],"fullName":" Prompt A - Data Model + Migrations + Utilities LoadMath computeTRIMP should return 0 for zero duration","status":"passed","title":"should return 0 for zero duration","duration":75,"failureMessages":[]},{"ancestorTitles":["","Prompt A - Data Model + Migrations + Utilities","LoadMath","computeTRIMP"],"fullName":" Prompt A - Data Model + Migrations + Utilities LoadMath computeTRIMP should return 0 for missing duration","status":"passed","title":"should return 0 for missing duration","duration":81,"failureMessages":[]},{"ancestorTitles":["","Prompt A - Data Model + Migrations + Utilities","LoadMath","estimateMaxHR"],"fullName":" Prompt A - Data Model + Migrations + Utilities LoadMath estimateMaxHR should estimate maxHR for male","status":"passed","title":"should estimate maxHR for male","duration":73,"failureMessages":[]},{"ancestorTitles":["","Prompt A - Data Model + Migrations + Utilities","LoadMath","estimateMaxHR"],"fullName":" Prompt A - Data Model + Migrations + Utilities LoadMath estimateMaxHR should estimate maxHR for female","status":"passed","title":"should estimate maxHR for female","duration":75,"failureMessages":[]},{"ancestorTitles":["","Prompt A - Data Model + Migrations + Utilities","LoadMath","estimateMaxHR"],"fullName":" Prompt A - Data Model + Migrations + Utilities LoadMath estimateMaxHR should handle different ages","status":"passed","title":"should handle different ages","duration":76,"failureMessages":[]},{"ancestorTitles":["","Prompt A - Data Model + Migrations + Utilities","Edge Cases and Error Handling"],"fullName":" Prompt A - Data Model + Migrations + Utilities Edge Cases and Error Handling should handle malformed activity data gracefully","status":"passed","title":"should handle malformed activity data gracefully","duration":82,"failureMessages":[]},{"ancestorTitles":["","Prompt A - Data Model + Migrations + Utilities","Edge Cases and Error Handling"],"fullName":" Prompt A - Data Model + Migrations + Utilities Edge Cases and Error Handling should handle extreme HR values","status":"passed","title":"should handle extreme HR values","duration":86,"failureMessages":[]},{"ancestorTitles":["","Prompt A - Data Model + Migrations + Utilities","Edge Cases and Error Handling"],"fullName":" Prompt A - Data Model + Migrations + Utilities Edge Cases and Error Handling should handle very long activities","status":"passed","title":"should handle very long activities","duration":77,"failureMessages":[]},{"ancestorTitles":["","Prompt A - Data Model + Migrations + Utilities","Edge Cases and Error Handling"],"fullName":" Prompt A - Data Model + Migrations + Utilities Edge Cases and Error Handling should handle very short activities","status":"passed","title":"should handle very short activities","duration":78,"failureMessages":[]}],"startTime":1761655595965,"endTime":1761655598343,"status":"passed","message":"","name":"C:/Users/kemur/Git/ignite-fitness/tests/integrations/prompt-a-utilities.test.js"}]}